<?xml version="1.0" encoding="UTF-8"?>
<testng-results ignored="0" total="1" passed="1" failed="0" skipped="0">
  <reporter-output>
  </reporter-output>
  <suite started-at="2023-12-17T23:06:28 IST" name="Default suite" finished-at="2023-12-17T23:06:35 IST" duration-ms="7110">
    <groups>
    </groups>
    <test started-at="2023-12-17T23:06:28 IST" name="Default test" finished-at="2023-12-17T23:06:35 IST" duration-ms="7110">
      <class name="com.leaftaps.pages.LoginPage">
        <test-method signature="loginpage()[pri:0, instance:com.leaftaps.pages.LoginPage@50ad3bc1]" started-at="2023-12-17T23:06:28 IST" name="loginpage" finished-at="2023-12-17T23:06:35 IST" duration-ms="7062" status="PASS">
          <reporter-output>
          </reporter-output>
        </test-method> <!-- loginpage -->
      </class> <!-- com.leaftaps.pages.LoginPage -->
    </test> <!-- Default test -->
  </suite> <!-- Default suite -->
</testng-results>
